<?xml version="1.0" encoding="UTF-8"?>
<!-- Generated by org.testng.reporters.JUnitReportReporter -->
<testsuite hostname="ABHISHEK" failures="0" tests="1" name="com.gears42.mk.SeleniumInterview.BrokenImages" time="12.242" errors="0" timestamp="2025-02-10T17:21:10 IST" skipped="0">
  <testcase classname="com.gears42.mk.SeleniumInterview.BrokenImages" name="brokenImageCode" time="12.242"/>
  <system-out/>
</testsuite> <!-- com.gears42.mk.SeleniumInterview.BrokenImages -->
