<?xml version="1.0" encoding="UTF-8"?>
<!-- Generated by org.testng.reporters.JUnitReportReporter -->
<testsuite hostname="ABHISHEK" failures="0" tests="1" name="com.gears42.mk.SeleniumInterview.WhyTypeCastDriver" time="4.137" errors="0" timestamp="2025-02-10T16:30:54 IST" skipped="0">
  <testcase classname="com.gears42.mk.SeleniumInterview.WhyTypeCastDriver" name="typeCast" time="4.137"/>
  <system-out/>
</testsuite> <!-- com.gears42.mk.SeleniumInterview.WhyTypeCastDriver -->
