<?xml version="1.0" encoding="UTF-8"?>
<!-- Generated by org.testng.reporters.JUnitReportReporter -->
<testsuite hostname="ABHISHEK" failures="0" tests="1" name="com.gears42.mk.SeleniumInterview.BrokenImageUsingJsop" time="2.985" errors="0" timestamp="2025-02-10T19:03:51 IST" skipped="0">
  <testcase classname="com.gears42.mk.SeleniumInterview.BrokenImageUsingJsop" name="onlyBroken" time="2.985"/>
  <system-out/>
</testsuite> <!-- com.gears42.mk.SeleniumInterview.BrokenImageUsingJsop -->
